<?xml version="1.0" encoding="UTF-8"?>
<!-- Generated by org.testng.reporters.JUnitXMLReporter -->
<testsuite ignored="0" hostname="OASYS-LAP-146" failures="1" tests="24" name="OasysDataCAMS" time="64.362" errors="0" timestamp="2024-07-30T10:54:11 IST">
  <testcase classname="CamsOasys.Cams_Marketing_Testing.ValidationMessageForFertilizerpage" name="landing_On_The_Marketing_Page" time="2.715"/>
  <testcase classname="CamsOasys.Cams_Marketing_Testing.ValidationMessageForFertilizerpage" name="click_On_Fortilizer_Page" time="4.184"/>
  <testcase classname="CamsOasys.Cams_Marketing_Testing.ValidationMessageForFertilizerpage" name="check_Validation_Message_For_TargetField" time="4.415"/>
  <testcase classname="CamsOasys.Cams_Marketing_Testing.ValidationMessageForFertilizerpage" name="check_Validation_Message_For_Target_Delete_Value" time="2.347"/>
  <testcase classname="CamsOasys.Cams_Marketing_Testing.ValidationMessageForFertilizerpage" name="check_Validation_Message_For_Quantity_Of_Fertilizer" time="2.242"/>
  <testcase classname="CamsOasys.Cams_Marketing_Testing.ValidationMessageForFertilizerpage" name="check_Validation_Message_For_Quantity_Of_Fortilizer_Delete_Value" time="2.296"/>
  <testcase classname="CamsOasys.Cams_Marketing_Testing.ValidationMessageForFertilizerpage" name="check_Validation_Message_For_LastWeek_Achievement" time="2.318"/>
  <testcase classname="CamsOasys.Cams_Marketing_Testing.ValidationMessageForFertilizerpage" name="check_Validation_Messsage_For_LastWeek_Achievement_Delete_Value" time="2.297"/>
  <testcase classname="CamsOasys.Cams_Marketing_Testing.ValidationMessageForFertilizerpage" name="check_Validation_Message_For_CashSale" time="2.254">
    <failure type="org.openqa.selenium.NoSuchElementException" message="no such element: Unable to locate element: {&amp;quot;method&amp;quot;:&amp;quot;xpath&amp;quot;,&amp;quot;selector&amp;quot;:&amp;quot;//input[@id=&amp;apos;cash-sale&amp;apos;]/following-sibling::label&amp;quot;}
  (Session info: chrome=126.0.6478.185)
For documentation on this error, please visit: https://www.seleniumhq.org/exceptions/no_such_element.html
Build info: version: &amp;apos;3.141.59&amp;apos;, revision: &amp;apos;e82be7d358&amp;apos;, time: &amp;apos;2018-11-14T08:17:03&amp;apos;
System info: host: &amp;apos;OASYS-LAP-146&amp;apos;, ip: &amp;apos;192.168.6.161&amp;apos;, os.name: &amp;apos;Windows 11&amp;apos;, os.arch: &amp;apos;amd64&amp;apos;, os.version: &amp;apos;10.0&amp;apos;, java.version: &amp;apos;17.0.11&amp;apos;
Driver info: org.openqa.selenium.chrome.ChromeDriver
Capabilities {acceptInsecureCerts: false, browserName: chrome, browserVersion: 126.0.6478.185, chrome: {chromedriverVersion: 125.0.6422.141 (4b1e8393712..., userDataDir: C:\Users\nirak\AppData\Loca...}, fedcm:accounts: true, goog:chromeOptions: {debuggerAddress: localhost:60560}, javascriptEnabled: true, networkConnectionEnabled: false, pageLoadStrategy: normal, platform: WINDOWS, platformName: WINDOWS, proxy: Proxy(), setWindowRect: true, strictFileInteractability: false, timeouts: {implicit: 0, pageLoad: 300000, script: 30000}, unhandledPromptBehavior: dismiss and notify, webauthn:extension:credBlob: true, webauthn:extension:largeBlob: true, webauthn:extension:minPinLength: true, webauthn:extension:prf: true, webauthn:virtualAuthenticators: true}
Session ID: e6a854fe9c4cee76b039cbed3eadf598
*** Element info: {Using=xpath, value=//input[@id=&amp;apos;cash-sale&amp;apos;]/following-sibling::label}">
      <![CDATA[org.openqa.selenium.NoSuchElementException: no such element: Unable to locate element: {"method":"xpath","selector":"//input[@id='cash-sale']/following-sibling::label"}
  (Session info: chrome=126.0.6478.185)
For documentation on this error, please visit: https://www.seleniumhq.org/exceptions/no_such_element.html
Build info: version: '3.141.59', revision: 'e82be7d358', time: '2018-11-14T08:17:03'
System info: host: 'OASYS-LAP-146', ip: '192.168.6.161', os.name: 'Windows 11', os.arch: 'amd64', os.version: '10.0', java.version: '17.0.11'
Driver info: org.openqa.selenium.chrome.ChromeDriver
Capabilities {acceptInsecureCerts: false, browserName: chrome, browserVersion: 126.0.6478.185, chrome: {chromedriverVersion: 125.0.6422.141 (4b1e8393712..., userDataDir: C:\Users\nirak\AppData\Loca...}, fedcm:accounts: true, goog:chromeOptions: {debuggerAddress: localhost:60560}, javascriptEnabled: true, networkConnectionEnabled: false, pageLoadStrategy: normal, platform: WINDOWS, platformName: WINDOWS, proxy: Proxy(), setWindowRect: true, strictFileInteractability: false, timeouts: {implicit: 0, pageLoad: 300000, script: 30000}, unhandledPromptBehavior: dismiss and notify, webauthn:extension:credBlob: true, webauthn:extension:largeBlob: true, webauthn:extension:minPinLength: true, webauthn:extension:prf: true, webauthn:virtualAuthenticators: true}
Session ID: e6a854fe9c4cee76b039cbed3eadf598
*** Element info: {Using=xpath, value=//input[@id='cash-sale']/following-sibling::label}
at org.openqa.selenium.remote.http.W3CHttpResponseCodec.createException(W3CHttpResponseCodec.java:187)
at org.openqa.selenium.remote.http.W3CHttpResponseCodec.decode(W3CHttpResponseCodec.java:122)
at org.openqa.selenium.remote.http.W3CHttpResponseCodec.decode(W3CHttpResponseCodec.java:49)
at org.openqa.selenium.remote.HttpCommandExecutor.execute(HttpCommandExecutor.java:158)
at org.openqa.selenium.remote.service.DriverCommandExecutor.execute(DriverCommandExecutor.java:83)
at org.openqa.selenium.remote.RemoteWebDriver.execute(RemoteWebDriver.java:552)
at org.openqa.selenium.remote.RemoteWebDriver.findElement(RemoteWebDriver.java:323)
at org.openqa.selenium.remote.RemoteWebDriver.findElementByXPath(RemoteWebDriver.java:428)
at org.openqa.selenium.By$ByXPath.findElement(By.java:353)
at org.openqa.selenium.remote.RemoteWebDriver.findElement(RemoteWebDriver.java:315)
at CamsOasys.Cams_Marketing_Testing.ValidationMessageForFertilizerpage.check_Validation_Message_For_CashSale(ValidationMessageForFertilizerpage.java:186)
at java.base/java.util.ArrayList.forEach(ArrayList.java:1511)
... Removed 32 stack frames]]>
    </failure>
  </testcase> <!-- check_Validation_Message_For_CashSale -->
  <testcase classname="CamsOasys.Cams_Marketing_Testing.ValidationMessageForFertilizerpage" name="check_Validation_Message_For_CashSale_Delete_Value" time="2.292"/>
  <testcase classname="CamsOasys.Cams_Marketing_Testing.ValidationMessageForFertilizerpage" name="check_Validation_Message_For_Bcomponent" time="2.31"/>
  <testcase classname="CamsOasys.Cams_Marketing_Testing.ValidationMessageForFertilizerpage" name="check_Validation_Message_For_Bcomponent_Delete_Value" time="2.362"/>
  <testcase classname="CamsOasys.Cams_Marketing_Testing.ValidationMessageForFertilizerpage" name="check_validation_Message_For_TotalSale" time="2.323"/>
  <testcase classname="CamsOasys.Cams_Marketing_Testing.ValidationMessageForFertilizerpage" name="check_Validation_Message_For_TotalSale" time="2.319"/>
  <testcase classname="CamsOasys.Cams_Marketing_Testing.ValidationMessageForFertilizerpage" name="check_Validation_Message_For_Out_Of_Which_Urea" time="2.422"/>
  <testcase classname="CamsOasys.Cams_Marketing_Testing.ValidationMessageForFertilizerpage" name="check_Validation_Message_For_Out_Of_Which_Urea_Delete_Value" time="2.401"/>
  <testcase classname="CamsOasys.Cams_Marketing_Testing.ValidationMessageForFertilizerpage" name="check_Validation_Message_For_Balance" time="2.321"/>
  <testcase classname="CamsOasys.Cams_Marketing_Testing.ValidationMessageForFertilizerpage" name="check_Validation_Message_For_Balance_Delete_Value" time="2.526"/>
  <testcase classname="CamsOasys.Cams_Marketing_Testing.ValidationMessageForFertilizerpage" name="check_Validation_Message_For_Achievement" time="2.328"/>
  <testcase classname="CamsOasys.Cams_Marketing_Testing.ValidationMessageForFertilizerpage" name="check_Validation_Message_For_Achievement_Delete_Value" time="2.345"/>
  <testcase classname="CamsOasys.Cams_Marketing_Testing.ValidationMessageForFertilizerpage" name="check_Validation_Message_For_Sale" time="2.313"/>
  <testcase classname="CamsOasys.Cams_Marketing_Testing.ValidationMessageForFertilizerpage" name="check_Validation_Message_For_Sale_Delete_Value" time="2.355"/>
  <testcase classname="CamsOasys.Cams_Marketing_Testing.ValidationMessageForFertilizerpage" name="check_Validation_Message_For_Balance_Field" time="2.249"/>
  <testcase classname="CamsOasys.Cams_Marketing_Testing.ValidationMessageForFertilizerpage" name="check_Validation_Message_For_Balance_Field_Delete_Value" time="2.462"/>
</testsuite> <!-- OasysDataCAMS -->
